nohup: ignoring input
start of the script curl
Expected number of chunks is 22
waiting for chuck 0 to finish
chunk 0 is done
waiting for chuck 1 to finish
chunk 1 is done
waiting for chuck 2 to finish
chunk 2 is done
waiting for chuck 3 to finish
chunk 3 is done
waiting for chuck 4 to finish
chunk 4 is done
waiting for chuck 5 to finish
chunk 5 is done
waiting for chuck 6 to finish
chunk 6 is done
waiting for chuck 7 to finish
chunk 7 is done
waiting for chuck 8 to finish
chunk 8 is done
waiting for chuck 9 to finish
chunk 9 is done
waiting for chuck 10 to finish
chunk 10 is done
waiting for chuck 11 to finish
chunk 11 is done
waiting for chuck 12 to finish
chunk 12 is done
waiting for chuck 13 to finish
chunk 13 is done
waiting for chuck 14 to finish
chunk 14 is done
waiting for chuck 15 to finish
chunk 15 is done
waiting for chuck 16 to finish
chunk 16 is done
waiting for chuck 17 to finish
chunk 17 is done
waiting for chuck 18 to finish
chunk 18 is done
waiting for chuck 19 to finish
chunk 19 is done
waiting for chuck 20 to finish
chunk 20 is done
waiting for chuck 21 to finish
chunk 21 is done
end of the script curl
