nohup: ignoring input
start of the script curl
Expected number of chunks is 268
waiting for chuck 0 to finish
chunk 0 is done
waiting for chuck 1 to finish
chunk 1 is done
waiting for chuck 2 to finish
chunk 2 is done
waiting for chuck 3 to finish
chunk 3 is done
waiting for chuck 4 to finish
chunk 4 is done
waiting for chuck 5 to finish
chunk 5 is done
waiting for chuck 6 to finish
chunk 6 is done
waiting for chuck 7 to finish
chunk 7 is done
waiting for chuck 8 to finish
chunk 8 is done
waiting for chuck 9 to finish
chunk 9 is done
waiting for chuck 10 to finish
chunk 10 is done
waiting for chuck 11 to finish
chunk 11 is done
waiting for chuck 12 to finish
chunk 12 is done
waiting for chuck 13 to finish
chunk 13 is done
waiting for chuck 14 to finish
chunk 14 is done
waiting for chuck 15 to finish
chunk 15 is done
waiting for chuck 16 to finish
chunk 16 is done
waiting for chuck 17 to finish
chunk 17 is done
waiting for chuck 18 to finish
chunk 18 is done
waiting for chuck 19 to finish
chunk 19 is done
waiting for chuck 20 to finish
chunk 20 is done
waiting for chuck 21 to finish
chunk 21 is done
waiting for chuck 22 to finish
chunk 22 is done
waiting for chuck 23 to finish
chunk 23 is done
waiting for chuck 24 to finish
chunk 24 is done
waiting for chuck 25 to finish
chunk 25 is done
waiting for chuck 26 to finish
chunk 26 is done
waiting for chuck 27 to finish
chunk 27 is done
waiting for chuck 28 to finish
chunk 28 is done
waiting for chuck 29 to finish
chunk 29 is done
waiting for chuck 30 to finish
chunk 30 is done
waiting for chuck 31 to finish
chunk 31 is done
waiting for chuck 32 to finish
chunk 32 is done
waiting for chuck 33 to finish
chunk 33 is done
waiting for chuck 34 to finish
chunk 34 is done
waiting for chuck 35 to finish
chunk 35 is done
waiting for chuck 36 to finish
chunk 36 is done
waiting for chuck 37 to finish
chunk 37 is done
waiting for chuck 38 to finish
chunk 38 is done
waiting for chuck 39 to finish
chunk 39 is done
waiting for chuck 40 to finish
chunk 40 is done
waiting for chuck 41 to finish
chunk 41 is done
waiting for chuck 42 to finish
chunk 42 is done
waiting for chuck 43 to finish
chunk 43 is done
waiting for chuck 44 to finish
chunk 44 is done
waiting for chuck 45 to finish
chunk 45 is done
waiting for chuck 46 to finish
chunk 46 is done
waiting for chuck 47 to finish
chunk 47 is done
waiting for chuck 48 to finish
chunk 48 is done
waiting for chuck 49 to finish
chunk 49 is done
waiting for chuck 50 to finish
chunk 50 is done
waiting for chuck 51 to finish
chunk 51 is done
waiting for chuck 52 to finish
chunk 52 is done
waiting for chuck 53 to finish
chunk 53 is done
waiting for chuck 54 to finish
chunk 54 is done
waiting for chuck 55 to finish
chunk 55 is done
waiting for chuck 56 to finish
chunk 56 is done
waiting for chuck 57 to finish
chunk 57 is done
waiting for chuck 58 to finish
chunk 58 is done
waiting for chuck 59 to finish
chunk 59 is done
waiting for chuck 60 to finish
chunk 60 is done
waiting for chuck 61 to finish
chunk 61 is done
waiting for chuck 62 to finish
chunk 62 is done
waiting for chuck 63 to finish
chunk 63 is done
waiting for chuck 64 to finish
chunk 64 is done
waiting for chuck 65 to finish
chunk 65 is done
waiting for chuck 66 to finish
chunk 66 is done
waiting for chuck 67 to finish
chunk 67 is done
waiting for chuck 68 to finish
chunk 68 is done
waiting for chuck 69 to finish
chunk 69 is done
waiting for chuck 70 to finish
chunk 70 is done
waiting for chuck 71 to finish
chunk 71 is done
waiting for chuck 72 to finish
chunk 72 is done
waiting for chuck 73 to finish
chunk 73 is done
waiting for chuck 74 to finish
chunk 74 is done
waiting for chuck 75 to finish
chunk 75 is done
waiting for chuck 76 to finish
chunk 76 is done
waiting for chuck 77 to finish
chunk 77 is done
waiting for chuck 78 to finish
chunk 78 is done
waiting for chuck 79 to finish
chunk 79 is done
waiting for chuck 80 to finish
chunk 80 is done
waiting for chuck 81 to finish
chunk 81 is done
waiting for chuck 82 to finish
chunk 82 is done
waiting for chuck 83 to finish
chunk 83 is done
waiting for chuck 84 to finish
chunk 84 is done
waiting for chuck 85 to finish
chunk 85 is done
waiting for chuck 86 to finish
chunk 86 is done
waiting for chuck 87 to finish
chunk 87 is done
waiting for chuck 88 to finish
chunk 88 is done
waiting for chuck 89 to finish
chunk 89 is done
waiting for chuck 90 to finish
chunk 90 is done
waiting for chuck 91 to finish
chunk 91 is done
waiting for chuck 92 to finish
chunk 92 is done
waiting for chuck 93 to finish
chunk 93 is done
waiting for chuck 94 to finish
chunk 94 is done
waiting for chuck 95 to finish
chunk 95 is done
waiting for chuck 96 to finish
chunk 96 is done
waiting for chuck 97 to finish
chunk 97 is done
waiting for chuck 98 to finish
chunk 98 is done
waiting for chuck 99 to finish
chunk 99 is done
waiting for chuck 100 to finish
chunk 100 is done
waiting for chuck 101 to finish
chunk 101 is done
waiting for chuck 102 to finish
chunk 102 is done
waiting for chuck 103 to finish
chunk 103 is done
waiting for chuck 104 to finish
chunk 104 is done
waiting for chuck 105 to finish
chunk 105 is done
waiting for chuck 106 to finish
chunk 106 is done
waiting for chuck 107 to finish
chunk 107 is done
waiting for chuck 108 to finish
chunk 108 is done
waiting for chuck 109 to finish
chunk 109 is done
waiting for chuck 110 to finish
chunk 110 is done
waiting for chuck 111 to finish
chunk 111 is done
waiting for chuck 112 to finish
chunk 112 is done
waiting for chuck 113 to finish
chunk 113 is done
waiting for chuck 114 to finish
chunk 114 is done
waiting for chuck 115 to finish
chunk 115 is done
waiting for chuck 116 to finish
chunk 116 is done
waiting for chuck 117 to finish
chunk 117 is done
waiting for chuck 118 to finish
chunk 118 is done
waiting for chuck 119 to finish
chunk 119 is done
waiting for chuck 120 to finish
