Создана первая искусственная сетчатка глаза.
﻿
Поиск
Запрос на RSS рассылку
Отправить
Hi-Tech
Авто
Без рубрики
Бизнес
В мире
Власть
Здоровье
Интернет
Культура
Наука
Обо всем
Общество
Оружие
Политика
Преступность
Происшествия
Спорт
Туризм
Финансы
Экономика
Погода
интернет
6-25-2014
Новые программы для Айфона...
Просмотров: 9 | Комментариев нет
6-10-2014
Мифы и советы по регистрации доменов...
Просмотров: 40 | Комментариев нет
6-7-2014
Покупка товаров из США в Казахстане...
Просмотров: 40 | Комментариев нет
5-23-2014
Покупка товаров в интернете...
Просмотров: 67 | Комментариев нет
5-18-2014
Товары из-за границы...
Просмотров: 62 | Комментариев нет
оружие
11-2-2013
Можно ли купить пневматическое оружие?...
Просмотров: 525 | Комментариев нет
7-4-2013
Целый арсенал оружия был изъят у сотрудницы Ми...
Просмотров: 979 | Комментариев нет
6-26-2013
Без травматического оружия в Казахстане никуда...
Просмотров: 935 | Комментариев нет
6-10-2013
В Казахстане подвели итоги по травматическому ...
Просмотров: 996 | Комментариев нет
4-30-2013
В чем секрет российских патронов?...
Просмотров: 1138 | Комментариев нет
туризм
6-20-2014
Выгодный отдых с горящими путевками...
Просмотров: 27 | Комментариев нет
5-23-2014
Что посмотреть в Симферополе...
Просмотров: 55 | Комментариев нет
4-28-2014
Современные гостиницы...
Просмотров: 132 | Комментариев нет
4-20-2014
Отправляемся на отдых в Новый Свет...
Просмотров: 144 | Комментариев нет
4-16-2014
Опыт проживания в гостиничном номере СПб...
Просмотров: 151 | Комментариев нет
обо всём
6-25-2014
Новости кинологии Казахстана...
Просмотров: 12 | Комментариев нет
6-22-2014
«Автоскан» как способ оптимизации работы транс...
Просмотров: 15 | Комментариев нет
6-19-2014
Аномальная жара в Казахстане...
Просмотров: 23 | Комментариев нет
6-19-2014
Противостояние на рынках Таможенного союза...
Просмотров: 20 | Комментариев нет
6-17-2014
Особенности кинопроката в Казахстане...
Просмотров: 24 | Комментариев нет
Главная » Наука » Создана первая искусственная сетчатка глаза.
Создана первая искусственная сетчатка глаза.
Дата публикации: 21.03.2013
Ученым Италии удалось сделать то, над чем величайшие умы биотехнологий ломали голову десятилетиями. Им удалось воссоздать сетчатку глаза, которая идеально приживается независимо от пола, возраста, группы крови и цепочки ДНК. Напомним, что искусственная предшественница, состоявшая из стволовых клеток, не показала хорошего результата и требовала донора, однако сейчас все абсолютно биотехнично и не потребует ни чьих жертв. Искусственная сетчатка глаза состоит из политиофеновых пленок, они включают в себя такие материалы, как соединения серы и ароматический углеводород. До создания подобного изобретения данные пленки активно использовались для сенсорных устройств, однако проявили себя просто отлично в новом качестве, идею подал молодой и перспективный биотехнолог, который заметил отличную проводимость тока материала.
В данный момент испытания проводятся на крысах, которые чувствуют себя замечательно и еще спустя некоторое время, если конечно ничего не изменится, данный материал будет проверяться на людях. Необходимо также заметить тот факт, что уже сейчас крысы видят на семьдесят процентов лучше при полном отсутствии зрения. Если удастся применить данное устройство на людях, то вопросы слепоты будут решены окончательно. Дети, рожденные инвалидами по зрению, смогут уже с трех лет применять данные технологии, на более ранние сроки ученые пока что гарантии не дают. Операция будет проводиться под местным наркозом, что не всегда хорошо переносится грудничками.
Подобные имплантаты планируется выпустить в продажу сразу после испытаний на людях и прохождения сертификации, а именно приблизительно к концу 2017 года. Это достаточно большой темп для столь серьезного открытия, при этом создатели могут удосужиться получения Нобелевской премии, которую уже решили потратить на новое открытие. Все-таки ученые интересные люди, которые действительно живут наукой.
Оставить комментарий
Имя (обязательно)
Email(обязательно)
Сайт
Похожие статьи
Чужие сны утратили секретность. Ученые Японии, как всегда впереди планеты всей, создали самую причудливую технологию, которая пока что не ...
Денис Тен и его успешное начало… Фигурное катание в Казахстане никогда не отличалось особым мастерством, редкие медали давали надежду на то, ...
Дома от «ИНСИ» пережили… На сегодняшний день достаточно сложно сказать, какой именно дом станет самым надежным на случай метеоритного ...
Франция узаконила однополые… Франция стала четырнадцатой страной, которая легализовала в полной мере однополые браки и даже помимо этого, ...
Двойное гражданство за 90 тысяч… По непонятным обстоятельствам бывшей жительнице Казахстана удалось сохранить гражданство, удостоверение личности и паспорт гражданина РК, ...
Укрепляем иммунитет при помощи… Ученые настоятельно рекомендуют людям, у которых слабый иммунитет и склонность к вирусным заболеванием активно заниматься ...
Случайные статьи
Стоит ли покупать двери-купе?...
Выбор межкомнатных дверей сложен и тернист, конечно, это образно говоря, но, тем не менее, действительно, в таком большом и богатом ассортименте,...
Одежда для Вашей кровати....
Что же необходимо сделать для того, чтобы добиться потрясающего крепкого сна и бодрого утра? Вам необходимо постельное белье, сегодня можно встре...
В Казахстане все военнослужащие пройдут внеоче...
В Казахстане пройдет внеочередная проверка (аттестация) военнослужащих, однако, особенное влияние и внимание, необходимо будет обратить именно на...
Тонкости выбора риэлтора...
Если у вас нет ни желания, ни возможности бегать по объявлениям и выбирать жилье – доверьте эту процедуру профессионалам. Их дело собрать весь па...
Плюсы и минусы Ситроен Берлинго....
В Казахстане появился семейный автомобиль Ситроен Берлинго, что же думают по этому поводу автолюбители, которые уже долгое время эксплуатируют да...
последние комментарии
Авто
6-15-2014
Автомобили и их эвакуация...
Просмотров: 30 | Комментариев нет
6-12-2014
Онлайн-автосервис...
Просмотров: 36 | Комментариев нет
5-19-2014
Казахстан переводит автомобили на газ...
Просмотров: 77 | Комментариев нет
5-7-2014
Новости автомобильной таможни...
Просмотров: 82 | Комментариев нет
5-6-2014
Автомобильная выставка в Астане...
Просмотров: 85 | Комментариев нет
власть
7-1-2013
В ЮКО публично наказали сельских Акимов....
Просмотров: 901 | Комментариев нет
6-24-2013
Одобрен в первом чтении законопроект «О гражда...
Просмотров: 970 | Комментариев нет
6-6-2013
Трудоустройство инвалидов в законодательстве....
Просмотров: 1056 | Комментариев нет
5-27-2013
Топ самых громких коррупционных дел....
Просмотров: 1080 | Комментариев нет
5-25-2013
Безработица как одна из глобальных проблем...
Просмотров: 1083 | Комментариев нет
hi-tech
6-20-2014
Компьютерный рынок Казахстана...
Просмотров: 16 | Комментариев нет
6-20-2014
Разработка новой системы кондиционирования в К...
Просмотров: 20 | Комментариев нет
6-5-2014
Чистка ноутбуков Apple...
Просмотров: 43 | Комментариев нет
5-27-2014
Продвижение техники Apple в Казахстане...
Просмотров: 58 | Комментариев нет
5-25-2014
Ремонтируем Apple. Как купить запчасти...
Просмотров: 52 | Комментариев нет
бизнес
6-22-2014
Высококачественная бумага для вашего бизнеса...
Просмотров: 22 | Комментариев нет
6-17-2014
Особенности брендинга товаров в Казахстане...
Просмотров: 28 | Комментариев нет
5-31-2014
Что делать с убыточным бизнесом...
Просмотров: 55 | Комментариев нет
5-29-2014
Рынок рекламы Казахстана...
Просмотров: 67 | Комментариев нет
5-23-2014
Ведение бизнеса в Казахстане...
Просмотров: 63 | Комментариев нет
здоровье
6-25-2014
Проблемы медицины Казахстана...
Просмотров: 12 | Комментариев нет
5-27-2014
Массажеры для всей семьи...
Просмотров: 58 | Комментариев нет
5-9-2014
Чай, как лечебно-профилактическое средство...
Просмотров: 105 | Комментариев нет
5-6-2014
Преимущества и недостатки зубного порошка...
Просмотров: 116 | Комментариев нет
4-24-2014
Диагностика и лечение гонореи...
Просмотров: 139 | Комментариев нет
Copyright © 2013
Карта сайта

